INFO:  latexindent.pl version 3.18, 2022-06-12, a script to indent .tex files
       latexindent.pl lives here: /usr/local/Cellar/latexindent/3.18/libexec/bin/
       Thu Sep 22 21:17:21 2022
       Filename: /Users/Alan/Documents/1. UofU/CS6350 Machine Learning/CS6350 Machine Learning HW1/CS6350_HW1/DecisionTree/Untitled-1.tex
INFO:  Processing switches:
INFO:  Directory for backup files and indent.log:
       /Users/Alan/Documents/1. UofU/CS6350 Machine Learning/CS6350 Machine Learning HW1/CS6350_HW1/DecisionTree
INFO:  Perl modules are being loaded from the following directories:
       /usr/local/opt/perl/lib/perl5/5.34/FindBin.pm
       /usr/local/Cellar/latexindent/3.18/libexec/lib/perl5/YAML/Tiny.pm
       /usr/local/opt/perl/lib/perl5/5.34/File/Copy.pm
       /usr/local/opt/perl/lib/perl5/5.34/File/Basename.pm
       /usr/local/opt/perl/lib/perl5/5.34/Getopt/Long.pm
       /usr/local/Cellar/latexindent/3.18/libexec/lib/perl5/File/HomeDir.pm
INFO:  LatexIndent perl modules are being loaded from, for example:
       /usr/local/Cellar/latexindent/3.18/libexec/lib/perl5/LatexIndent/Document.pm
INFO:  YAML settings read: defaultSettings.yaml
       Reading defaultSettings.yaml from /usr/local/Cellar/latexindent/3.18/libexec/bin/defaultSettings.yaml
INFO:  YAML settings read: indentconfig.yaml or .indentconfig.yaml
       Home directory is /Users/Alan (didn't find either indentconfig.yaml or .indentconfig.yaml)
       To specify user settings you would put indentconfig.yaml here: /Users/Alan/indentconfig.yaml
       Alternatively, you can use the hidden file .indentconfig.yaml as: /Users/Alan/.indentconfig.yaml
INFO:  Phase 1: searching for objects
INFO:  Phase 2: finding surrounding indentation
INFO:  Phase 3: indenting objects
INFO:  Phase 4: final indentation check
INFO:  Output routine:
       Not outputting to file; see -w and -o switches for more options.
       --------------
INFO:  Please direct all communication/issues to:
        https://github.com/cmhughes/latexindent.pl
